<?xml version="1.0" encoding="UTF-8"?>
<testsuite name="com.kodilla.rest.service.BookServiceTest" tests="3" skipped="0" failures="0" errors="0" timestamp="2025-11-28T18:59:16.003Z" hostname="DESKTOP-CMK6P3P" time="0.022">
  <properties/>
  <testcase name="testGetBooks()" classname="com.kodilla.rest.service.BookServiceTest" time="0.016"/>
  <testcase name="testAddBook()" classname="com.kodilla.rest.service.BookServiceTest" time="0.001"/>
  <testcase name="testRemoveBook()" classname="com.kodilla.rest.service.BookServiceTest" time="0.002"/>
  <system-out><![CDATA[]]></system-out>
  <system-err><![CDATA[]]></system-err>
</testsuite>
